<?xml version="1.0" encoding="UTF-8"?>
<!-- Generated by org.testng.reporters.JUnitXMLReporter -->
<testsuite ignored="7" hostname="ramkrishnas-mbp.lan" failures="0" tests="1" name="Default test" time="4.01" errors="0" timestamp="2024-03-21T11:00:33 CDT">
  <testcase classname="com.github.CRUD.ValidateCRUDFunctionality" name="validateDeleteRepoData" time="0.598"/>
  <testcase classname="com.github.CRUD.ValidateCRUDFunctionality" name="validateASingleRepositoryGetData" time="0.0">
    <ignored/>
  </testcase> <!-- validateASingleRepositoryGetData -->
  <testcase classname="com.github.CRUD.ValidateCRUDFunctionality" name="validateCreateOrAddRepoWithExistingNameDataFunctionality" time="0.0">
    <ignored/>
  </testcase> <!-- validateCreateOrAddRepoWithExistingNameDataFunctionality -->
  <testcase classname="com.github.CRUD.ValidateCRUDFunctionality" name="validateGetAllRepositories" time="0.0">
    <ignored/>
  </testcase> <!-- validateGetAllRepositories -->
  <testcase classname="com.github.CRUD.ValidateCRUDFunctionality" name="validateDeleteRepoNonExistingData" time="0.0">
    <ignored/>
  </testcase> <!-- validateDeleteRepoNonExistingData -->
  <testcase classname="com.github.CRUD.ValidateCRUDFunctionality" name="validateCreateOrAddRepoDataFunctionality" time="0.0">
    <ignored/>
  </testcase> <!-- validateCreateOrAddRepoDataFunctionality -->
  <testcase classname="com.github.CRUD.ValidateCRUDFunctionality" name="validateANonExistingSingleRepositoryGetData" time="0.0">
    <ignored/>
  </testcase> <!-- validateANonExistingSingleRepositoryGetData -->
  <testcase classname="com.github.CRUD.ValidateCRUDFunctionality" name="validateUpdateRepoDataFunctionality" time="0.0">
    <ignored/>
  </testcase> <!-- validateUpdateRepoDataFunctionality -->
</testsuite> <!-- Default test -->
