<?xml version="1.0" encoding="UTF-8"?>
<testng-results ignored="7" total="8" passed="1" failed="0" skipped="0">
  <reporter-output>
  </reporter-output>
  <suite started-at="2024-03-21T11:00:28 CDT" name="Default suite" finished-at="2024-03-21T11:00:32 CDT" duration-ms="4010">
    <groups>
    </groups>
    <test started-at="2024-03-21T11:00:28 CDT" name="Default test" finished-at="2024-03-21T11:00:32 CDT" duration-ms="4010">
      <class name="com.github.CRUD.ValidateCRUDFunctionality">
        <test-method is-config="true" signature="beforeSuite()[pri:0, instance:com.github.CRUD.ValidateCRUDFunctionality@120f102b]" started-at="2024-03-21T11:00:28 CDT" name="beforeSuite" finished-at="2024-03-21T11:00:28 CDT" duration-ms="156" status="PASS">
          <reporter-output>
          </reporter-output>
        </test-method> <!-- beforeSuite -->
        <test-method is-config="true" signature="beforeClass()[pri:0, instance:com.github.CRUD.ValidateCRUDFunctionality@120f102b]" started-at="2024-03-21T11:00:28 CDT" name="beforeClass" finished-at="2024-03-21T11:00:32 CDT" duration-ms="3329" status="PASS">
          <reporter-output>
          </reporter-output>
        </test-method> <!-- beforeClass -->
        <test-method signature="validateDeleteRepoData()[pri:6, instance:com.github.CRUD.ValidateCRUDFunctionality@120f102b]" started-at="2024-03-21T11:00:32 CDT" name="validateDeleteRepoData" description="delete repo data functionality" finished-at="2024-03-21T11:00:32 CDT" duration-ms="598" status="PASS">
          <reporter-output>
          </reporter-output>
        </test-method> <!-- validateDeleteRepoData -->
      </class> <!-- com.github.CRUD.ValidateCRUDFunctionality -->
    </test> <!-- Default test -->
  </suite> <!-- Default suite -->
</testng-results>
